<?xml version="1.0" encoding="UTF-8"?>
<testng-results skipped="0" failed="0" total="1" passed="1">
  <reporter-output>
  </reporter-output>
  <suite name="Default suite" duration-ms="81376" started-at="2020-07-04T12:37:02Z" finished-at="2020-07-04T12:38:23Z">
    <groups>
    </groups>
    <test name="Default test" duration-ms="81376" started-at="2020-07-04T12:37:02Z" finished-at="2020-07-04T12:38:23Z">
      <class name="test.BookProduct">
        <test-method status="PASS" signature="LoginAllScenarios()[pri:0, instance:test.BookProduct@ee9593]" name="LoginAllScenarios" is-config="true" duration-ms="40609" started-at="2020-07-04T18:07:02Z" finished-at="2020-07-04T18:07:43Z">
          <reporter-output>
          </reporter-output>
        </test-method> <!-- LoginAllScenarios -->
        <test-method status="PASS" signature="TestBookProduct(java.util.LinkedHashMap)[pri:0, instance:test.BookProduct@ee9593]" name="TestBookProduct" duration-ms="36219" started-at="2020-07-04T18:07:47Z" data-provider="TS_BookProduct" finished-at="2020-07-04T18:08:23Z">
          <params>
            <param index="0">
              <value>
                <![CDATA[{user=madhusudhan5972@gmail.com, pwd=mk123456, search=65-inch TV}]]>
              </value>
            </param>
          </params>
          <reporter-output>
          </reporter-output>
        </test-method> <!-- TestBookProduct -->
        <test-method status="PASS" signature="loginAllAfterMethod(org.testng.ITestResult)[pri:0, instance:test.BookProduct@ee9593]" name="loginAllAfterMethod" is-config="true" duration-ms="4" started-at="2020-07-04T18:08:23Z" finished-at="2020-07-04T18:08:23Z">
          <params>
            <param index="0">
              <value>
                <![CDATA[[TestResult name=TestBookProduct status=SUCCESS method=BookProduct.TestBookProduct(java.util.LinkedHashMap)[pri:0, instance:test.BookProduct@ee9593] output={null}]]]>
              </value>
            </param>
          </params>
          <reporter-output>
          </reporter-output>
        </test-method> <!-- loginAllAfterMethod -->
        <test-method status="PASS" signature="loginAllAfterClass()[pri:0, instance:test.BookProduct@ee9593]" name="loginAllAfterClass" is-config="true" duration-ms="2" started-at="2020-07-04T18:08:23Z" finished-at="2020-07-04T18:08:23Z">
          <reporter-output>
          </reporter-output>
        </test-method> <!-- loginAllAfterClass -->
      </class> <!-- test.BookProduct -->
    </test> <!-- Default test -->
  </suite> <!-- Default suite -->
</testng-results>
