<?xml version="1.0" encoding="UTF-8"?>
<!-- Generated by org.testng.reporters.JUnitXMLReporter -->
<testsuite hostname="Madhu" name="Test" tests="1" failures="0" timestamp="4 Jul 2020 03:06:34 GMT" time="53.666" errors="0">
  <testcase name="@BeforeClass LoginAllScenarios" time="0.0" classname="test.BookProduct">
    <failure type="java.lang.NoClassDefFoundError" message="net/sf/cglib/proxy/MethodInterceptor">
      <![CDATA[java.lang.NoClassDefFoundError: net/sf/cglib/proxy/MethodInterceptor
	at objectrepo.ObjectRepo.<init>(ObjectRepo.java:21)
	at test.BookProduct.LoginAllScenarios(BookProduct.java:34)
Caused by: java.lang.ClassNotFoundException: net.sf.cglib.proxy.MethodInterceptor
	at java.net.URLClassLoader.findClass(Unknown Source)
	at java.lang.ClassLoader.loadClass(Unknown Source)
	at sun.misc.Launcher$AppClassLoader.loadClass(Unknown Source)
	at java.lang.ClassLoader.loadClass(Unknown Source)
	... 26 more
... Removed 24 stack frames]]>
    </failure>
  </testcase> <!-- @BeforeClass LoginAllScenarios -->
  <testcase name="TestBookProduct" time="0.0" classname="test.BookProduct">
    <skipped/>
  </testcase> <!-- TestBookProduct -->
</testsuite> <!-- Test -->
